SF:lib\domain\usecases\get_movie_detail.dart
DA:9,1
DA:11,1
DA:12,2
LF:3
LH:3
end_of_record
SF:lib\domain\usecases\get_movie_recommendations.dart
DA:9,1
DA:11,1
DA:12,2
LF:3
LH:3
end_of_record
SF:lib\domain\usecases\get_now_playing_movies.dart
DA:9,1
DA:11,1
DA:12,2
LF:3
LH:3
end_of_record
SF:lib\domain\usecases\get_popular_movies.dart
DA:9,1
DA:11,1
DA:12,2
LF:3
LH:3
end_of_record
SF:lib\domain\usecases\get_top_rated_movies.dart
DA:9,1
DA:11,1
DA:12,2
LF:3
LH:3
end_of_record
SF:lib\domain\usecases\get_watchlist_movies.dart
DA:9,1
DA:11,1
DA:12,2
LF:3
LH:3
end_of_record
SF:lib\domain\usecases\get_watchlist_status_movie.dart
DA:6,1
DA:8,1
DA:9,2
LF:3
LH:3
end_of_record
SF:lib\domain\usecases\remove_watchlist_movie.dart
DA:9,1
DA:11,1
DA:12,2
LF:3
LH:3
end_of_record
SF:lib\domain\usecases\save_watchlist_movie.dart
DA:9,1
DA:11,1
DA:12,2
LF:3
LH:3
end_of_record
SF:lib\domain\usecases\search_movies.dart
DA:9,1
DA:11,1
DA:12,2
LF:3
LH:3
end_of_record
SF:lib\presentation\bloc\detail\detail_event.dart
DA:4,3
DA:10,2
DA:12,1
DA:13,2
DA:19,2
DA:21,1
DA:22,2
DA:28,2
DA:30,1
DA:31,2
DA:37,3
DA:39,1
DA:40,2
LF:13
LH:13
end_of_record
SF:lib\presentation\bloc\detail\detail_state.dart
DA:12,4
DA:22,1
DA:24,1
DA:25,1
DA:26,1
DA:27,1
DA:28,1
DA:29,1
DA:30,1
DA:31,1
DA:35,2
DA:44,2
DA:45,2
DA:46,2
DA:47,2
DA:49,2
DA:50,2
DA:51,2
DA:52,2
DA:56,2
LF:20
LH:20
end_of_record
SF:lib\presentation\bloc\detail\detail_bloc.dart
DA:25,1
DA:31,2
DA:32,2
DA:33,3
DA:35,1
DA:37,2
DA:39,2
DA:41,1
DA:42,2
DA:43,2
DA:45,1
DA:48,1
DA:49,1
DA:50,2
DA:57,1
DA:58,2
DA:59,2
DA:61,1
DA:64,1
DA:65,1
DA:66,1
DA:67,2
DA:72,1
DA:73,2
DA:85,2
DA:86,1
DA:87,2
DA:89,1
DA:90,5
DA:91,1
DA:92,3
DA:95,3
DA:98,2
DA:99,1
DA:100,2
DA:102,1
DA:103,5
DA:104,1
DA:105,3
DA:108,3
DA:111,2
DA:112,3
DA:113,3
LF:43
LH:43
end_of_record
SF:lib\presentation\bloc\list\list_bloc.dart
DA:17,1
DA:21,2
DA:22,2
DA:23,3
DA:25,2
DA:26,1
DA:27,1
DA:28,3
DA:30,1
DA:33,1
DA:34,1
DA:35,3
DA:39,3
DA:48,2
DA:49,3
DA:51,2
DA:52,1
DA:53,1
DA:54,3
DA:56,1
DA:59,1
DA:60,1
DA:61,3
DA:65,3
DA:74,2
DA:75,3
DA:77,2
DA:78,1
DA:79,1
DA:80,3
DA:82,1
DA:85,1
DA:86,1
DA:87,3
DA:91,3
LF:35
LH:35
end_of_record
SF:lib\presentation\bloc\list\list_event.dart
DA:4,1
DA:6,0
DA:7,0
LF:3
LH:1
end_of_record
SF:lib\presentation\bloc\list\list_state.dart
DA:12,2
DA:22,1
DA:31,1
DA:32,1
DA:33,1
DA:34,1
DA:35,1
DA:36,1
DA:37,1
DA:38,1
DA:42,1
DA:43,1
DA:44,1
DA:45,1
DA:46,1
DA:47,1
DA:48,1
DA:49,1
DA:50,1
DA:53,1
LF:20
LH:20
end_of_record
SF:lib\presentation\bloc\nowplaying\nowplaying_event.dart
DA:4,3
DA:6,1
DA:7,1
LF:3
LH:3
end_of_record
SF:lib\presentation\bloc\nowplaying\nowplaying_state.dart
DA:8,8
DA:14,1
DA:19,1
DA:20,0
DA:21,1
DA:22,1
DA:26,1
DA:27,4
DA:29,1
LF:9
LH:8
end_of_record
SF:lib\presentation\bloc\nowplaying\nowplaying_bloc.dart
DA:14,1
DA:15,2
DA:16,2
DA:17,3
DA:19,2
DA:21,1
DA:22,1
DA:23,3
DA:25,1
DA:28,1
DA:29,1
DA:30,3
DA:34,3
LF:13
LH:13
end_of_record
SF:lib\presentation\bloc\popular\popular_state.dart
DA:8,7
DA:14,2
DA:19,2
DA:20,0
DA:21,2
DA:22,2
DA:26,1
DA:27,4
DA:29,2
LF:9
LH:8
end_of_record
SF:lib\presentation\bloc\popular\popular_bloc.dart
DA:13,1
DA:14,2
DA:15,2
DA:16,3
DA:18,2
DA:20,1
DA:21,1
DA:22,3
DA:24,1
DA:27,1
DA:28,1
DA:29,3
DA:33,3
LF:13
LH:13
end_of_record
SF:lib\presentation\bloc\popular\popular_event.dart
DA:4,3
DA:6,1
DA:7,1
LF:3
LH:3
end_of_record
SF:lib\presentation\bloc\top_rated\top_rated_bloc.dart
DA:14,1
DA:15,2
DA:16,2
DA:17,3
DA:19,2
DA:21,1
DA:22,1
DA:23,3
DA:25,1
DA:28,1
DA:29,3
LF:11
LH:11
end_of_record
SF:lib\presentation\bloc\top_rated\top_rated_event.dart
DA:4,3
DA:6,1
DA:7,1
LF:3
LH:3
end_of_record
SF:lib\presentation\bloc\top_rated\top_rated_state.dart
DA:8,7
DA:14,2
DA:19,2
DA:20,0
DA:21,2
DA:22,2
DA:26,1
DA:27,4
DA:29,2
LF:9
LH:8
end_of_record
SF:lib\presentation\bloc\watchlist\watchlist_bloc.dart
DA:14,1
DA:15,2
DA:16,2
DA:17,3
DA:19,2
DA:21,1
DA:22,1
DA:23,3
DA:25,1
DA:28,1
DA:29,1
DA:30,3
DA:34,3
LF:13
LH:13
end_of_record
SF:lib\presentation\bloc\watchlist\watchlist_event.dart
DA:4,2
DA:6,1
DA:7,1
LF:3
LH:3
end_of_record
SF:lib\presentation\bloc\watchlist\watchlist_state.dart
DA:8,4
DA:14,2
DA:19,2
DA:20,0
DA:21,2
DA:22,2
DA:26,1
DA:27,4
DA:29,2
LF:9
LH:8
end_of_record
SF:lib\presentation\bloc\search\search_state.dart
DA:8,2
DA:14,1
DA:19,1
DA:20,0
DA:21,1
DA:22,1
DA:26,1
DA:27,4
DA:29,1
LF:9
LH:8
end_of_record
SF:lib\presentation\bloc\search\search_event.dart
DA:4,1
DA:6,0
DA:7,0
DA:13,1
DA:15,1
DA:16,2
LF:6
LH:4
end_of_record
SF:lib\presentation\bloc\search\search_bloc.dart
DA:13,1
DA:14,2
DA:15,2
DA:16,3
DA:18,3
DA:20,1
DA:21,1
DA:22,3
DA:24,1
DA:27,1
DA:28,1
DA:29,3
DA:33,3
LF:13
LH:13
end_of_record
SF:lib\presentation\pages\movie_detail_page.dart
DA:15,1
DA:17,1
DA:18,1
DA:25,1
DA:27,1
DA:28,2
DA:29,6
DA:30,6
DA:34,1
DA:36,1
DA:37,1
DA:38,1
DA:39,1
DA:40,1
DA:41,1
DA:42,1
DA:43,1
DA:44,1
DA:45,3
DA:46,1
DA:47,1
DA:51,3
DA:52,1
DA:53,1
DA:58,1
DA:59,3
DA:60,2
DA:62,1
DA:63,1
DA:64,1
DA:68,1
DA:69,1
DA:70,1
DA:71,1
DA:72,1
DA:73,1
DA:76,1
DA:77,1
DA:78,2
DA:81,1
DA:95,1
DA:102,1
DA:104,3
DA:105,1
DA:106,1
DA:107,1
DA:108,3
DA:110,1
DA:113,0
DA:115,1
DA:117,1
DA:118,1
DA:119,1
DA:129,1
DA:130,1
DA:131,1
DA:133,1
DA:135,1
DA:137,1
DA:138,1
DA:139,2
DA:140,1
DA:142,1
DA:143,1
DA:144,1
DA:146,1
DA:147,3
DA:150,1
DA:151,2
DA:152,1
DA:156,1
DA:158,1
DA:159,1
DA:166,1
DA:167,3
DA:169,1
DA:170,3
DA:172,1
DA:173,1
DA:174,1
DA:175,3
DA:177,1
DA:183,4
DA:187,1
DA:189,1
DA:191,1
DA:192,2
DA:195,1
DA:197,1
DA:199,1
DA:200,1
DA:202,1
DA:203,1
DA:208,1
DA:210,1
DA:212,1
DA:214,1
DA:215,2
DA:217,1
DA:219,1
DA:220,0
DA:221,0
DA:224,0
DA:227,1
DA:232,1
DA:234,2
DA:235,1
DA:239,0
DA:246,2
DA:249,1
DA:251,2
DA:261,1
DA:263,1
DA:278,1
DA:280,1
DA:283,1
DA:286,1
DA:287,1
DA:296,1
DA:298,2
DA:299,3
DA:302,1
DA:306,3
DA:309,1
DA:310,1
DA:311,1
DA:313,1
DA:314,1
DA:316,0
LF:129
LH:123
end_of_record
SF:lib\presentation\pages\movie_list_page.dart
DA:12,1
DA:14,1
DA:15,1
DA:19,1
DA:21,1
DA:22,2
DA:23,4
DA:24,4
DA:25,4
DA:29,1
DA:31,1
DA:32,1
DA:33,1
DA:34,1
DA:35,1
DA:37,1
DA:38,1
DA:40,2
DA:46,1
DA:48,1
DA:49,1
DA:51,1
DA:52,3
DA:53,1
DA:55,1
DA:57,1
DA:60,1
DA:61,1
DA:62,1
DA:65,1
DA:67,2
DA:77,1
DA:78,1
DA:79,1
DA:81,1
DA:82,1
DA:84,0
DA:87,1
DA:88,1
DA:89,2
DA:92,2
DA:93,2
DA:99,1
DA:101,0
DA:102,0
DA:104,1
DA:105,1
DA:106,2
DA:109,2
DA:110,2
DA:116,1
DA:118,0
DA:121,1
DA:122,1
DA:123,2
DA:126,2
DA:127,2
DA:144,1
DA:148,1
DA:150,1
DA:151,1
DA:153,1
DA:155,1
DA:175,1
DA:177,1
DA:179,1
DA:181,1
DA:183,1
DA:184,2
DA:185,1
DA:187,1
DA:188,0
DA:189,0
DA:192,0
DA:195,1
DA:197,1
DA:198,2
DA:199,1
DA:202,0
DA:208,2
LF:80
LH:72
end_of_record
SF:lib\presentation\pages\nowplaying_movies_page.dart
DA:8,1
DA:10,1
DA:11,1
DA:15,1
DA:17,1
DA:18,1
DA:19,5
DA:22,1
DA:24,1
DA:25,1
DA:28,1
DA:30,1
DA:31,1
DA:32,2
DA:36,2
DA:37,1
DA:39,1
DA:40,2
DA:41,1
DA:43,2
DA:45,2
DA:46,1
DA:48,2
DA:50,2
DA:51,1
DA:52,1
DA:54,1
DA:57,2
LF:28
LH:28
end_of_record
SF:lib\presentation\pages\popular_movies_page.dart
DA:8,1
DA:10,1
DA:11,1
DA:15,1
DA:17,1
DA:18,1
DA:19,5
DA:22,1
DA:24,1
DA:25,1
DA:28,1
DA:30,1
DA:31,1
DA:32,2
DA:36,2
DA:37,1
DA:39,1
DA:40,2
DA:41,1
DA:43,2
DA:45,2
DA:46,1
DA:48,2
DA:50,2
DA:51,1
DA:52,1
DA:54,1
DA:57,2
LF:28
LH:28
end_of_record
SF:lib\presentation\pages\top_rated_movies_page.dart
DA:8,1
DA:10,1
DA:11,1
DA:15,1
DA:17,1
DA:18,1
DA:19,5
DA:22,1
DA:24,1
DA:25,1
DA:28,1
DA:30,1
DA:31,1
DA:32,2
DA:36,2
DA:37,1
DA:39,1
DA:40,2
DA:41,1
DA:43,2
DA:45,2
DA:46,1
DA:48,2
DA:50,2
DA:51,1
DA:52,1
DA:54,1
DA:57,2
LF:28
LH:28
end_of_record
SF:lib\presentation\pages\watchlist_movies_page.dart
DA:8,1
DA:10,1
DA:11,1
DA:16,1
DA:18,1
DA:19,1
DA:20,5
DA:23,1
DA:25,1
DA:26,4
DA:29,0
DA:31,0
DA:34,1
DA:36,1
DA:37,1
DA:38,2
DA:42,2
DA:43,1
DA:44,1
DA:45,2
DA:46,1
DA:48,2
DA:50,2
DA:51,1
DA:53,2
DA:55,2
DA:56,1
DA:57,1
DA:59,1
DA:62,2
DA:73,1
DA:75,2
DA:76,1
LF:33
LH:31
end_of_record
